<?xml version="1.0" encoding="UTF-8"?>
<!-- Generated by org.testng.reporters.JUnitReportReporter -->
<testsuite hostname="LAPTOP-IT3EC65T" failures="0" tests="1" name="com.FlipCard.TestClasses.LoginPageTestClass" time="40.060" errors="0" timestamp="03 Nov 2022 10:05:32 GMT" skipped="0">
  <testcase classname="com.FlipCard.TestClasses.LoginPageTestClass" name="loginPageMethod" time="40.060"/>
</testsuite> <!-- com.FlipCard.TestClasses.LoginPageTestClass -->
